Using pre-set license
Built from '2021.1/release' branch; Version is '2021.1.0f1 (61a549675243) revision 6399305'; Using compiler version '192528614'; Build Type 'Release'
OS: 'Windows 10 Home; OS build 19044.1586; Version 2009; 64bit' Language: 'es' Physical Memory: 8029 MB
BatchMode: 1, IsHumanControllingUs: 0, StartBugReporterOnCrash: 0, Is64bit: 1, IsPro: 0

 COMMAND LINE ARGUMENTS:
C:\Program Files\Unity\Hub\Editor\2021.1.0f1\Editor\Unity.exe
-adb2
-batchMode
-noUpm
-name
AssetImportWorker0
-projectPath
C:/Users/LuisM/Speedy
-logFile
Logs/AssetImportWorker0.log
-srvPort
58292
Successfully changed project path to: C:/Users/LuisM/Speedy
C:/Users/LuisM/Speedy
Using Asset Import Pipeline V2.
Refreshing native plugins compatible for Editor in 82.36 ms, found 2 plugins.
Preloading 0 native plugins for Editor in 0.00 ms.
Initialize engine version: 2021.1.0f1 (61a549675243)
[Subsystems] Discovering subsystems at path C:/Program Files/Unity/Hub/Editor/2021.1.0f1/Editor/Data/Resources/UnitySubsystems
[Subsystems] Discovering subsystems at path C:/Users/LuisM/Speedy/Assets
GfxDevice: creating device client; threaded=0; jobified=0
Direct3D:
    Version:  Direct3D 11.0 [level 11.1]
    Renderer: NVIDIA GeForce GTX 1650 Ti (ID=0x1f95)
    Vendor:   NVIDIA
    VRAM:     3962 MB
    Driver:   30.0.15.1179
Initialize mono
Mono path[0] = 'C:/Program Files/Unity/Hub/Editor/2021.1.0f1/Editor/Data/Managed'
Mono path[1] = 'C:/Program Files/Unity/Hub/Editor/2021.1.0f1/Editor/Data/MonoBleedingEdge/lib/mono/unityjit'
Mono config path = 'C:/Program Files/Unity/Hub/Editor/2021.1.0f1/Editor/Data/MonoBleedingEdge/etc'
Using monoOptions --debugger-agent=transport=dt_socket,embedding=1,server=y,suspend=n,address=127.0.0.1:56584
Begin MonoManager ReloadAssembly
Registering precompiled unity dll's ...
Register platform support module: C:/Program Files/Unity/Hub/Editor/2021.1.0f1/Editor/Data/PlaybackEngines/WebGLSupport/UnityEditor.WebGL.Extensions.dll
Register platform support module: C:/Program Files/Unity/Hub/Editor/2021.1.0f1/Editor/Data/PlaybackEngines/WindowsStandaloneSupport/UnityEditor.WindowsStandalone.Extensions.dll
Registered in 0.001997 seconds.
Native extension for WindowsStandalone target not found
Native extension for WebGL target not found
Refreshing native plugins compatible for Editor in 92.08 ms, found 2 plugins.
Preloading 0 native plugins for Editor in 0.00 ms.
Mono: successfully reloaded assembly
- Completed reload, in  1.907 seconds
Platform modules already initialized, skipping
Registering precompiled user dll's ...
Registered in 0.003823 seconds.
Begin MonoManager ReloadAssembly
Native extension for WindowsStandalone target not found
Native extension for WebGL target not found
Refreshing native plugins compatible for Editor in 101.58 ms, found 2 plugins.
Preloading 0 native plugins for Editor in 0.00 ms.
Mono: successfully reloaded assembly
- Completed reload, in  1.252 seconds
Platform modules already initialized, skipping
========================================================================
Worker process is ready to serve import requests
Launched and connected shader compiler UnityShaderCompiler.exe after 0.05 seconds
Refreshing native plugins compatible for Editor in 0.97 ms, found 2 plugins.
Preloading 0 native plugins for Editor in 0.00 ms.
Unloading 3529 Unused Serialized files (Serialized files now loaded: 0)
System memory in use before: 133.0 MB.
System memory in use after: 133.1 MB.

Unloading 30 unused Assets to reduce memory usage. Loaded Objects now: 3980.
Total: 3.372000 ms (FindLiveObjects: 0.693700 ms CreateObjectMapping: 0.376000 ms MarkObjects: 2.191100 ms  DeleteObjects: 0.109600 ms)

========================================================================
Received Import Request.
  path: Assets/Scripts/SpikeMovHor.cs
  artifactKey: Guid(9d47e1b1e7b0e284e9d3252f4c7efbc1) Importer(815301076,1909f56bfc062723c751e8b465ee728b)
Start importing Assets/Scripts/SpikeMovHor.cs using Guid(9d47e1b1e7b0e284e9d3252f4c7efbc1) Importer(815301076,1909f56bfc062723c751e8b465ee728b)  -> (artifact id: '0a58004bbeda9092db2d541da35b6b84') in 0.052743 seconds 
========================================================================
Received Prepare
Refreshing native plugins compatible for Editor in 6.85 ms, found 2 plugins.
Preloading 0 native plugins for Editor in 0.00 ms.
Unloading 16 Unused Serialized files (Serialized files now loaded: 0)
System memory in use before: 63.1 MB.
System memory in use after: 63.2 MB.

Unloading 16 unused Assets to reduce memory usage. Loaded Objects now: 3980.
Total: 6.462300 ms (FindLiveObjects: 0.558400 ms CreateObjectMapping: 0.339400 ms MarkObjects: 5.453700 ms  DeleteObjects: 0.108500 ms)

========================================================================
Received Import Request.
  Time since last request: 52.492877 seconds.
  path: Assets/Scripts/SpikeMovHor.cs
  artifactKey: Guid(9d47e1b1e7b0e284e9d3252f4c7efbc1) Importer(815301076,1909f56bfc062723c751e8b465ee728b)
Start importing Assets/Scripts/SpikeMovHor.cs using Guid(9d47e1b1e7b0e284e9d3252f4c7efbc1) Importer(815301076,1909f56bfc062723c751e8b465ee728b)  -> (artifact id: '249749f330ad4625a1cea61ac11bfe15') in 0.004590 seconds 
========================================================================
Received Import Request.
  Time since last request: 142.909513 seconds.
  path: Assets/prefabs/Spawner {(.prefab
  artifactKey: Guid(1a82b8a4688428540bac7adc98d9ca26) Importer(815301076,1909f56bfc062723c751e8b465ee728b)
Start importing Assets/prefabs/Spawner {(.prefab using Guid(1a82b8a4688428540bac7adc98d9ca26) Importer(815301076,1909f56bfc062723c751e8b465ee728b)  -> (artifact id: 'be97c074e84e5d262cfcfdcc288fb56e') in 0.101362 seconds 
========================================================================
Received Import Request.
  Time since last request: 0.000285 seconds.
  path: Assets/prefabs/Spawner.prefab
  artifactKey: Guid(acd4b3ca0db4e6d4a8d9a4274df2ef6b) Importer(815301076,1909f56bfc062723c751e8b465ee728b)
Start importing Assets/prefabs/Spawner.prefab using Guid(acd4b3ca0db4e6d4a8d9a4274df2ef6b) Importer(815301076,1909f56bfc062723c751e8b465ee728b)  -> (artifact id: 'ec830cb965d040788293d03c49f2a3f1') in 0.023019 seconds 
========================================================================
Received Import Request.
  Time since last request: 0.000315 seconds.
  path: Assets/prefabs/Spike^v.prefab
  artifactKey: Guid(77e7770b13ce602449c1238ed872d46c) Importer(815301076,1909f56bfc062723c751e8b465ee728b)
Start importing Assets/prefabs/Spike^v.prefab using Guid(77e7770b13ce602449c1238ed872d46c) Importer(815301076,1909f56bfc062723c751e8b465ee728b)  -> (artifact id: 'e44415629e0ed154076f796a38ca4281') in 0.024786 seconds 
========================================================================
Received Import Request.
  Time since last request: 0.000169 seconds.
  path: Assets/prefabs/Spawner^v.prefab
  artifactKey: Guid(9c1c49e86f6800045be3cdb04d39a7cc) Importer(815301076,1909f56bfc062723c751e8b465ee728b)
Start importing Assets/prefabs/Spawner^v.prefab using Guid(9c1c49e86f6800045be3cdb04d39a7cc) Importer(815301076,1909f56bfc062723c751e8b465ee728b)  -> (artifact id: 'f794e57d00104911ac2da715c36f26ee') in 0.024037 seconds 
========================================================================
Received Import Request.
  Time since last request: 0.000554 seconds.
  path: Assets/prefabs/Spike.prefab
  artifactKey: Guid(ac067d7d3bd8a1c4a9fb05099b5a4e06) Importer(815301076,1909f56bfc062723c751e8b465ee728b)
Start importing Assets/prefabs/Spike.prefab using Guid(ac067d7d3bd8a1c4a9fb05099b5a4e06) Importer(815301076,1909f56bfc062723c751e8b465ee728b)  -> (artifact id: 'c0eb7f8921afc285be4a859fd90717ff') in 0.015724 seconds 
========================================================================
Received Import Request.
  Time since last request: 0.000172 seconds.
  path: Assets/prefabs/Spike {(.prefab
  artifactKey: Guid(4ebd7d4894f9b2a43be647901bb36a45) Importer(815301076,1909f56bfc062723c751e8b465ee728b)
Start importing Assets/prefabs/Spike {(.prefab using Guid(4ebd7d4894f9b2a43be647901bb36a45) Importer(815301076,1909f56bfc062723c751e8b465ee728b)  -> (artifact id: '617c8b8398c831c805714238034a2e79') in 0.022800 seconds 
========================================================================
Received Prepare
Registering precompiled user dll's ...
Registered in 0.003338 seconds.
Begin MonoManager ReloadAssembly
Native extension for WindowsStandalone target not found
Native extension for WebGL target not found
Refreshing native plugins compatible for Editor in 0.69 ms, found 2 plugins.
Preloading 0 native plugins for Editor in 0.00 ms.
Mono: successfully reloaded assembly
- Completed reload, in  0.948 seconds
Platform modules already initialized, skipping
Refreshing native plugins compatible for Editor in 0.74 ms, found 2 plugins.
Preloading 0 native plugins for Editor in 0.00 ms.
Unloading 3522 Unused Serialized files (Serialized files now loaded: 0)
System memory in use before: 137.0 MB.
System memory in use after: 137.2 MB.

Unloading 18 unused Assets to reduce memory usage. Loaded Objects now: 3991.
Total: 2.772800 ms (FindLiveObjects: 0.288400 ms CreateObjectMapping: 0.188900 ms MarkObjects: 2.198500 ms  DeleteObjects: 0.095800 ms)

========================================================================
Received Prepare
Registering precompiled user dll's ...
Registered in 0.003306 seconds.
Begin MonoManager ReloadAssembly
Native extension for WindowsStandalone target not found
Native extension for WebGL target not found
Refreshing native plugins compatible for Editor in 0.61 ms, found 2 plugins.
Preloading 0 native plugins for Editor in 0.00 ms.
Mono: successfully reloaded assembly
- Completed reload, in  0.885 seconds
Platform modules already initialized, skipping
Refreshing native plugins compatible for Editor in 0.64 ms, found 2 plugins.
Preloading 0 native plugins for Editor in 0.00 ms.
Unloading 3522 Unused Serialized files (Serialized files now loaded: 0)
System memory in use before: 137.1 MB.
System memory in use after: 137.2 MB.

Unloading 18 unused Assets to reduce memory usage. Loaded Objects now: 3995.
Total: 2.791100 ms (FindLiveObjects: 0.324000 ms CreateObjectMapping: 0.210700 ms MarkObjects: 2.158400 ms  DeleteObjects: 0.096900 ms)

========================================================================
Received Prepare
Registering precompiled user dll's ...
Registered in 0.003289 seconds.
Begin MonoManager ReloadAssembly
Native extension for WindowsStandalone target not found
Native extension for WebGL target not found
Refreshing native plugins compatible for Editor in 0.61 ms, found 2 plugins.
Preloading 0 native plugins for Editor in 0.00 ms.
Mono: successfully reloaded assembly
- Completed reload, in  0.835 seconds
Platform modules already initialized, skipping
Refreshing native plugins compatible for Editor in 0.62 ms, found 2 plugins.
Preloading 0 native plugins for Editor in 0.00 ms.
Unloading 3522 Unused Serialized files (Serialized files now loaded: 0)
System memory in use before: 137.1 MB.
System memory in use after: 137.3 MB.

Unloading 18 unused Assets to reduce memory usage. Loaded Objects now: 3999.
Total: 2.518400 ms (FindLiveObjects: 0.329800 ms CreateObjectMapping: 0.176000 ms MarkObjects: 1.889400 ms  DeleteObjects: 0.122000 ms)

========================================================================
Received Prepare
Registering precompiled user dll's ...
Registered in 0.003363 seconds.
Begin MonoManager ReloadAssembly
Native extension for WindowsStandalone target not found
Native extension for WebGL target not found
Refreshing native plugins compatible for Editor in 0.68 ms, found 2 plugins.
Preloading 0 native plugins for Editor in 0.00 ms.
Mono: successfully reloaded assembly
- Completed reload, in  0.849 seconds
Platform modules already initialized, skipping
Refreshing native plugins compatible for Editor in 0.62 ms, found 2 plugins.
Preloading 0 native plugins for Editor in 0.00 ms.
Unloading 3522 Unused Serialized files (Serialized files now loaded: 0)
System memory in use before: 137.2 MB.
System memory in use after: 137.3 MB.

Unloading 18 unused Assets to reduce memory usage. Loaded Objects now: 4003.
Total: 2.998000 ms (FindLiveObjects: 0.417700 ms CreateObjectMapping: 0.279400 ms MarkObjects: 2.164700 ms  DeleteObjects: 0.135200 ms)

========================================================================
Received Prepare
Registering precompiled user dll's ...
Registered in 0.003338 seconds.
Begin MonoManager ReloadAssembly
Native extension for WindowsStandalone target not found
Native extension for WebGL target not found
Refreshing native plugins compatible for Editor in 0.69 ms, found 2 plugins.
Preloading 0 native plugins for Editor in 0.00 ms.
Mono: successfully reloaded assembly
- Completed reload, in  0.877 seconds
Platform modules already initialized, skipping
Refreshing native plugins compatible for Editor in 0.63 ms, found 2 plugins.
Preloading 0 native plugins for Editor in 0.00 ms.
Unloading 3522 Unused Serialized files (Serialized files now loaded: 0)
System memory in use before: 137.2 MB.
System memory in use after: 137.3 MB.

Unloading 18 unused Assets to reduce memory usage. Loaded Objects now: 4007.
Total: 2.754900 ms (FindLiveObjects: 0.425400 ms CreateObjectMapping: 0.235100 ms MarkObjects: 1.955400 ms  DeleteObjects: 0.137500 ms)

========================================================================
Received Prepare
Registering precompiled user dll's ...
Registered in 0.003983 seconds.
Begin MonoManager ReloadAssembly
Native extension for WindowsStandalone target not found
Native extension for WebGL target not found
Refreshing native plugins compatible for Editor in 0.60 ms, found 2 plugins.
Preloading 0 native plugins for Editor in 0.00 ms.
Mono: successfully reloaded assembly
- Completed reload, in  0.832 seconds
Platform modules already initialized, skipping
Refreshing native plugins compatible for Editor in 0.64 ms, found 2 plugins.
Preloading 0 native plugins for Editor in 0.00 ms.
Unloading 3522 Unused Serialized files (Serialized files now loaded: 0)
System memory in use before: 137.2 MB.
System memory in use after: 137.3 MB.

Unloading 18 unused Assets to reduce memory usage. Loaded Objects now: 4011.
Total: 2.724000 ms (FindLiveObjects: 0.374200 ms CreateObjectMapping: 0.192600 ms MarkObjects: 2.071400 ms  DeleteObjects: 0.084200 ms)

========================================================================
Received Import Request.
  Time since last request: 1010.049345 seconds.
  path: Assets/prefabs/PF Village Props - Spike Variant.prefab
  artifactKey: Guid(4864fb62bf7c9594b80c0dddf2219e32) Importer(815301076,1909f56bfc062723c751e8b465ee728b)
Start importing Assets/prefabs/PF Village Props - Spike Variant.prefab using Guid(4864fb62bf7c9594b80c0dddf2219e32) Importer(815301076,1909f56bfc062723c751e8b465ee728b)  -> (artifact id: 'efa7d4dbc169a0394001cf72d5e10562') in 0.053561 seconds 
========================================================================
Received Import Request.
  Time since last request: 14.499311 seconds.
  path: Assets/prefabs/SpikeFloor.prefab
  artifactKey: Guid(4864fb62bf7c9594b80c0dddf2219e32) Importer(815301076,1909f56bfc062723c751e8b465ee728b)
Start importing Assets/prefabs/SpikeFloor.prefab using Guid(4864fb62bf7c9594b80c0dddf2219e32) Importer(815301076,1909f56bfc062723c751e8b465ee728b)  -> (artifact id: 'd23d8251676d95a5fe3a2f8e474e10b8') in 0.018041 seconds 
========================================================================
Received Import Request.
  Time since last request: 30.387753 seconds.
  path: Assets/prefabs/Spike left.prefab
  artifactKey: Guid(4ebd7d4894f9b2a43be647901bb36a45) Importer(815301076,1909f56bfc062723c751e8b465ee728b)
Start importing Assets/prefabs/Spike left.prefab using Guid(4ebd7d4894f9b2a43be647901bb36a45) Importer(815301076,1909f56bfc062723c751e8b465ee728b)  -> (artifact id: '5cf7784a10ab26c59007d0a0d7a2e001') in 0.017959 seconds 
========================================================================
Received Import Request.
  Time since last request: 21.249665 seconds.
  path: Assets/prefabs/Spike left.prefab
  artifactKey: Guid(4ebd7d4894f9b2a43be647901bb36a45) Importer(815301076,1909f56bfc062723c751e8b465ee728b)
Start importing Assets/prefabs/Spike left.prefab using Guid(4ebd7d4894f9b2a43be647901bb36a45) Importer(815301076,1909f56bfc062723c751e8b465ee728b)  -> (artifact id: 'ce3b83245de456aa1393fac243d6a498') in 0.014148 seconds 
========================================================================
Received Import Request.
  Time since last request: 0.000347 seconds.
  path: Assets/prefabs/Spike up.prefab
  artifactKey: Guid(77e7770b13ce602449c1238ed872d46c) Importer(815301076,1909f56bfc062723c751e8b465ee728b)
Start importing Assets/prefabs/Spike up.prefab using Guid(77e7770b13ce602449c1238ed872d46c) Importer(815301076,1909f56bfc062723c751e8b465ee728b)  -> (artifact id: '71c63d15cf7ebc45ca602c82ffd3f5d0') in 0.022097 seconds 
========================================================================
Received Import Request.
  Time since last request: 11.642524 seconds.
  path: Assets/prefabs/Spike fall.prefab
  artifactKey: Guid(ac067d7d3bd8a1c4a9fb05099b5a4e06) Importer(815301076,1909f56bfc062723c751e8b465ee728b)
Start importing Assets/prefabs/Spike fall.prefab using Guid(ac067d7d3bd8a1c4a9fb05099b5a4e06) Importer(815301076,1909f56bfc062723c751e8b465ee728b)  -> (artifact id: '812089d0efea11c8d30f6049d907a355') in 0.016327 seconds 
========================================================================
Received Import Request.
  Time since last request: 0.000313 seconds.
  path: Assets/prefabs/Spike up.prefab
  artifactKey: Guid(77e7770b13ce602449c1238ed872d46c) Importer(815301076,1909f56bfc062723c751e8b465ee728b)
Start importing Assets/prefabs/Spike up.prefab using Guid(77e7770b13ce602449c1238ed872d46c) Importer(815301076,1909f56bfc062723c751e8b465ee728b)  -> (artifact id: '170f17f65180f0acdd644d557e38021d') in 0.016853 seconds 
========================================================================
Received Import Request.
  Time since last request: 0.000447 seconds.
  path: Assets/prefabs/Spike left.prefab
  artifactKey: Guid(4ebd7d4894f9b2a43be647901bb36a45) Importer(815301076,1909f56bfc062723c751e8b465ee728b)
Start importing Assets/prefabs/Spike left.prefab using Guid(4ebd7d4894f9b2a43be647901bb36a45) Importer(815301076,1909f56bfc062723c751e8b465ee728b)  -> (artifact id: '81788e14d81acf024050f84ca90610fb') in 0.015443 seconds 
========================================================================
Received Import Request.
  Time since last request: 8.690229 seconds.
  path: Assets/prefabs/Spike float.prefab
  artifactKey: Guid(77e7770b13ce602449c1238ed872d46c) Importer(815301076,1909f56bfc062723c751e8b465ee728b)
Start importing Assets/prefabs/Spike float.prefab using Guid(77e7770b13ce602449c1238ed872d46c) Importer(815301076,1909f56bfc062723c751e8b465ee728b)  -> (artifact id: '6cbc33a45efc89328f22c95f0135fad0') in 0.017933 seconds 
========================================================================
Received Import Request.
  Time since last request: 0.000229 seconds.
  path: Assets/prefabs/Spike left.prefab
  artifactKey: Guid(4ebd7d4894f9b2a43be647901bb36a45) Importer(815301076,1909f56bfc062723c751e8b465ee728b)
Start importing Assets/prefabs/Spike left.prefab using Guid(4ebd7d4894f9b2a43be647901bb36a45) Importer(815301076,1909f56bfc062723c751e8b465ee728b)  -> (artifact id: '5c700a2faa24fff2371bdadf73f82c6a') in 0.020032 seconds 
========================================================================
Received Import Request.
  Time since last request: 7.907929 seconds.
  path: Assets/prefabs/Spawner left.prefab
  artifactKey: Guid(1a82b8a4688428540bac7adc98d9ca26) Importer(815301076,1909f56bfc062723c751e8b465ee728b)
Start importing Assets/prefabs/Spawner left.prefab using Guid(1a82b8a4688428540bac7adc98d9ca26) Importer(815301076,1909f56bfc062723c751e8b465ee728b)  -> (artifact id: '8be1d97cc089023dbb31817226d9e42f') in 0.026562 seconds 
========================================================================
Received Import Request.
  Time since last request: 6.447825 seconds.
  path: Assets/prefabs/Spawner float.prefab
  artifactKey: Guid(9c1c49e86f6800045be3cdb04d39a7cc) Importer(815301076,1909f56bfc062723c751e8b465ee728b)
Start importing Assets/prefabs/Spawner float.prefab using Guid(9c1c49e86f6800045be3cdb04d39a7cc) Importer(815301076,1909f56bfc062723c751e8b465ee728b)  -> (artifact id: '257faf0c7bece31ffb312fa32cdc1d65') in 0.016675 seconds 
========================================================================
Received Import Request.
  Time since last request: 0.000280 seconds.
  path: Assets/prefabs/Spawner left.prefab
  artifactKey: Guid(1a82b8a4688428540bac7adc98d9ca26) Importer(815301076,1909f56bfc062723c751e8b465ee728b)
Start importing Assets/prefabs/Spawner left.prefab using Guid(1a82b8a4688428540bac7adc98d9ca26) Importer(815301076,1909f56bfc062723c751e8b465ee728b)  -> (artifact id: '70ba4b61226f5125f22eedb8f69f1b1c') in 0.017416 seconds 
========================================================================
Received Import Request.
  Time since last request: 4.968915 seconds.
  path: Assets/prefabs/Spawner fall.prefab
  artifactKey: Guid(acd4b3ca0db4e6d4a8d9a4274df2ef6b) Importer(815301076,1909f56bfc062723c751e8b465ee728b)
Start importing Assets/prefabs/Spawner fall.prefab using Guid(acd4b3ca0db4e6d4a8d9a4274df2ef6b) Importer(815301076,1909f56bfc062723c751e8b465ee728b)  -> (artifact id: 'a0401ed45d627ced74628d70e025f62c') in 0.018015 seconds 
========================================================================
Received Import Request.
  Time since last request: 0.000371 seconds.
  path: Assets/prefabs/Spawner float.prefab
  artifactKey: Guid(9c1c49e86f6800045be3cdb04d39a7cc) Importer(815301076,1909f56bfc062723c751e8b465ee728b)
Start importing Assets/prefabs/Spawner float.prefab using Guid(9c1c49e86f6800045be3cdb04d39a7cc) Importer(815301076,1909f56bfc062723c751e8b465ee728b)  -> (artifact id: '23a943096ce7e7f0e2139a0d5e6e0eb2') in 0.019695 seconds 
========================================================================
Received Import Request.
  Time since last request: 0.000250 seconds.
  path: Assets/prefabs/Spawner left.prefab
  artifactKey: Guid(1a82b8a4688428540bac7adc98d9ca26) Importer(815301076,1909f56bfc062723c751e8b465ee728b)
Start importing Assets/prefabs/Spawner left.prefab using Guid(1a82b8a4688428540bac7adc98d9ca26) Importer(815301076,1909f56bfc062723c751e8b465ee728b)  -> (artifact id: 'b0a2b43c621d33af43b87bceffde445f') in 0.013990 seconds 
========================================================================
Received Prepare
Registering precompiled user dll's ...
Registered in 0.004666 seconds.
Begin MonoManager ReloadAssembly
Native extension for WindowsStandalone target not found
Native extension for WebGL target not found
Refreshing native plugins compatible for Editor in 0.63 ms, found 2 plugins.
Preloading 0 native plugins for Editor in 0.00 ms.
Mono: successfully reloaded assembly
- Completed reload, in  0.886 seconds
Platform modules already initialized, skipping
Refreshing native plugins compatible for Editor in 0.63 ms, found 2 plugins.
Preloading 0 native plugins for Editor in 0.00 ms.
Unloading 3522 Unused Serialized files (Serialized files now loaded: 0)
System memory in use before: 137.2 MB.
System memory in use after: 137.4 MB.

Unloading 18 unused Assets to reduce memory usage. Loaded Objects now: 4016.
Total: 3.010200 ms (FindLiveObjects: 0.518200 ms CreateObjectMapping: 0.401400 ms MarkObjects: 1.989400 ms  DeleteObjects: 0.100500 ms)

========================================================================
Received Prepare
Registering precompiled user dll's ...
Registered in 0.003801 seconds.
Begin MonoManager ReloadAssembly
Native extension for WindowsStandalone target not found
Native extension for WebGL target not found
Refreshing native plugins compatible for Editor in 1.09 ms, found 2 plugins.
Preloading 0 native plugins for Editor in 0.00 ms.
Mono: successfully reloaded assembly
- Completed reload, in  1.266 seconds
Platform modules already initialized, skipping
Refreshing native plugins compatible for Editor in 0.91 ms, found 2 plugins.
Preloading 0 native plugins for Editor in 0.00 ms.
Unloading 3522 Unused Serialized files (Serialized files now loaded: 0)
System memory in use before: 137.3 MB.
System memory in use after: 137.4 MB.

Unloading 18 unused Assets to reduce memory usage. Loaded Objects now: 4020.
Total: 4.899200 ms (FindLiveObjects: 0.745800 ms CreateObjectMapping: 0.662900 ms MarkObjects: 3.367400 ms  DeleteObjects: 0.120800 ms)

========================================================================
Received Prepare
Registering precompiled user dll's ...
Registered in 0.003234 seconds.
Begin MonoManager ReloadAssembly
Native extension for WindowsStandalone target not found
Native extension for WebGL target not found
Refreshing native plugins compatible for Editor in 0.85 ms, found 2 plugins.
Preloading 0 native plugins for Editor in 0.00 ms.
Mono: successfully reloaded assembly
- Completed reload, in  0.973 seconds
Platform modules already initialized, skipping
Refreshing native plugins compatible for Editor in 0.62 ms, found 2 plugins.
Preloading 0 native plugins for Editor in 0.00 ms.
Unloading 3522 Unused Serialized files (Serialized files now loaded: 0)
System memory in use before: 137.3 MB.
System memory in use after: 137.4 MB.

Unloading 18 unused Assets to reduce memory usage. Loaded Objects now: 4024.
Total: 2.574300 ms (FindLiveObjects: 0.423600 ms CreateObjectMapping: 0.278400 ms MarkObjects: 1.749000 ms  DeleteObjects: 0.121600 ms)

AssetImportWorkerClient::OnTransportError - code=2 error=End of file
