Using pre-set license
Built from '2021.1/release' branch; Version is '2021.1.0f1 (61a549675243) revision 6399305'; Using compiler version '192528614'; Build Type 'Release'
OS: 'Windows 10 Enterprise; OS build 19043.1586; Version 2009; 64bit' Language: 'en' Physical Memory: 16332 MB
BatchMode: 1, IsHumanControllingUs: 0, StartBugReporterOnCrash: 0, Is64bit: 1, IsPro: 0

 COMMAND LINE ARGUMENTS:
D:\unity\2021.1.0f1\Editor\Unity.exe
-adb2
-batchMode
-noUpm
-name
AssetImportWorker0
-projectPath
C:/Users/Pedro/Speedy
-logFile
Logs/AssetImportWorker0.log
-srvPort
51927
Successfully changed project path to: C:/Users/Pedro/Speedy
C:/Users/Pedro/Speedy
Using Asset Import Pipeline V2.
Refreshing native plugins compatible for Editor in 106.77 ms, found 2 plugins.
Preloading 0 native plugins for Editor in 0.00 ms.
Initialize engine version: 2021.1.0f1 (61a549675243)
[Subsystems] Discovering subsystems at path D:/unity/2021.1.0f1/Editor/Data/Resources/UnitySubsystems
[Subsystems] Discovering subsystems at path C:/Users/Pedro/Speedy/Assets
GfxDevice: creating device client; threaded=0; jobified=0
Direct3D:
    Version:  Direct3D 11.0 [level 11.1]
    Renderer: Radeon RX 560 Series (ID=0x67ff)
    Vendor:   ATI
    VRAM:     4075 MB
    Driver:   30.0.14029.5006
Initialize mono
Mono path[0] = 'D:/unity/2021.1.0f1/Editor/Data/Managed'
Mono path[1] = 'D:/unity/2021.1.0f1/Editor/Data/MonoBleedingEdge/lib/mono/unityjit'
Mono config path = 'D:/unity/2021.1.0f1/Editor/Data/MonoBleedingEdge/etc'
Using monoOptions --debugger-agent=transport=dt_socket,embedding=1,server=y,suspend=n,address=127.0.0.1:56264
Begin MonoManager ReloadAssembly
Registering precompiled unity dll's ...
Register platform support module: D:/unity/2021.1.0f1/Editor/Data/PlaybackEngines/WindowsStandaloneSupport/UnityEditor.WindowsStandalone.Extensions.dll
Registered in 0.001453 seconds.
Native extension for WindowsStandalone target not found
Refreshing native plugins compatible for Editor in 117.45 ms, found 2 plugins.
Preloading 0 native plugins for Editor in 0.00 ms.
Mono: successfully reloaded assembly
- Completed reload, in  3.268 seconds
Platform modules already initialized, skipping
Registering precompiled user dll's ...
Registered in 0.005134 seconds.
Begin MonoManager ReloadAssembly
Native extension for WindowsStandalone target not found
Refreshing native plugins compatible for Editor in 118.93 ms, found 2 plugins.
Preloading 0 native plugins for Editor in 0.00 ms.
Mono: successfully reloaded assembly
- Completed reload, in  1.329 seconds
Platform modules already initialized, skipping
========================================================================
Worker process is ready to serve import requests
Launched and connected shader compiler UnityShaderCompiler.exe after 0.04 seconds
Refreshing native plugins compatible for Editor in 0.76 ms, found 2 plugins.
Preloading 0 native plugins for Editor in 0.00 ms.
Unloading 3526 Unused Serialized files (Serialized files now loaded: 0)
System memory in use before: 132.8 MB.
System memory in use after: 132.9 MB.

Unloading 30 unused Assets to reduce memory usage. Loaded Objects now: 3977.
Total: 2.808000 ms (FindLiveObjects: 0.452100 ms CreateObjectMapping: 0.112200 ms MarkObjects: 2.112500 ms  DeleteObjects: 0.129900 ms)

========================================================================
Received Import Request.
  path: Assets/prefabs/Spawner.prefab
  artifactKey: Guid(acd4b3ca0db4e6d4a8d9a4274df2ef6b) Importer(815301076,1909f56bfc062723c751e8b465ee728b)
Start importing Assets/prefabs/Spawner.prefab using Guid(acd4b3ca0db4e6d4a8d9a4274df2ef6b) Importer(815301076,1909f56bfc062723c751e8b465ee728b)  -> (artifact id: '9a629dd544f27c0151fded939bc0d053') in 0.136044 seconds 
========================================================================
Received Prepare
Registering precompiled user dll's ...
Registered in 0.005513 seconds.
Begin MonoManager ReloadAssembly
Native extension for WindowsStandalone target not found
Refreshing native plugins compatible for Editor in 0.70 ms, found 2 plugins.
Preloading 0 native plugins for Editor in 0.00 ms.
Mono: successfully reloaded assembly
- Completed reload, in  1.117 seconds
Platform modules already initialized, skipping
Refreshing native plugins compatible for Editor in 0.74 ms, found 2 plugins.
Preloading 0 native plugins for Editor in 0.00 ms.
Unloading 3519 Unused Serialized files (Serialized files now loaded: 0)
System memory in use before: 136.9 MB.
System memory in use after: 137.0 MB.

Unloading 18 unused Assets to reduce memory usage. Loaded Objects now: 3988.
Total: 2.751300 ms (FindLiveObjects: 0.357700 ms CreateObjectMapping: 0.126800 ms MarkObjects: 2.170900 ms  DeleteObjects: 0.094800 ms)

========================================================================
Received Prepare
Registering precompiled user dll's ...
Registered in 0.005022 seconds.
Begin MonoManager ReloadAssembly
Native extension for WindowsStandalone target not found
Refreshing native plugins compatible for Editor in 0.71 ms, found 2 plugins.
Preloading 0 native plugins for Editor in 0.00 ms.
Mono: successfully reloaded assembly
- Completed reload, in  1.100 seconds
Platform modules already initialized, skipping
Refreshing native plugins compatible for Editor in 0.69 ms, found 2 plugins.
Preloading 0 native plugins for Editor in 0.00 ms.
Unloading 3519 Unused Serialized files (Serialized files now loaded: 0)
System memory in use before: 137.0 MB.
System memory in use after: 137.1 MB.

Unloading 18 unused Assets to reduce memory usage. Loaded Objects now: 3992.
Total: 2.681600 ms (FindLiveObjects: 0.302200 ms CreateObjectMapping: 0.095800 ms MarkObjects: 2.178300 ms  DeleteObjects: 0.104000 ms)

========================================================================
Received Prepare
Registering precompiled user dll's ...
Registered in 0.005521 seconds.
Begin MonoManager ReloadAssembly
Native extension for WindowsStandalone target not found
Refreshing native plugins compatible for Editor in 0.72 ms, found 2 plugins.
Preloading 0 native plugins for Editor in 0.00 ms.
Mono: successfully reloaded assembly
- Completed reload, in  1.098 seconds
Platform modules already initialized, skipping
Refreshing native plugins compatible for Editor in 0.71 ms, found 2 plugins.
Preloading 0 native plugins for Editor in 0.00 ms.
Unloading 3519 Unused Serialized files (Serialized files now loaded: 0)
System memory in use before: 137.0 MB.
System memory in use after: 137.1 MB.

Unloading 18 unused Assets to reduce memory usage. Loaded Objects now: 3996.
Total: 2.755500 ms (FindLiveObjects: 0.290100 ms CreateObjectMapping: 0.089700 ms MarkObjects: 2.256300 ms  DeleteObjects: 0.118300 ms)

========================================================================
Received Import Request.
  Time since last request: 334.412419 seconds.
  path: Assets/prefabs/Spawner.prefab
  artifactKey: Guid(acd4b3ca0db4e6d4a8d9a4274df2ef6b) Importer(815301076,1909f56bfc062723c751e8b465ee728b)
Start importing Assets/prefabs/Spawner.prefab using Guid(acd4b3ca0db4e6d4a8d9a4274df2ef6b) Importer(815301076,1909f56bfc062723c751e8b465ee728b)  -> (artifact id: 'd7104489e71b86319a13032d29273b84') in 0.063536 seconds 
========================================================================
Received Import Request.
  Time since last request: 3.414626 seconds.
  path: Assets/prefabs/Spawner.prefab
  artifactKey: Guid(acd4b3ca0db4e6d4a8d9a4274df2ef6b) Importer(815301076,1909f56bfc062723c751e8b465ee728b)
Start importing Assets/prefabs/Spawner.prefab using Guid(acd4b3ca0db4e6d4a8d9a4274df2ef6b) Importer(815301076,1909f56bfc062723c751e8b465ee728b)  -> (artifact id: '9d83e23145976f3a4f043f55bbd527c9') in 0.013246 seconds 
========================================================================
Received Prepare
Registering precompiled user dll's ...
Registered in 0.004673 seconds.
Begin MonoManager ReloadAssembly
Native extension for WindowsStandalone target not found
Refreshing native plugins compatible for Editor in 0.70 ms, found 2 plugins.
Preloading 0 native plugins for Editor in 0.00 ms.
Mono: successfully reloaded assembly
- Completed reload, in  1.066 seconds
Platform modules already initialized, skipping
Refreshing native plugins compatible for Editor in 0.70 ms, found 2 plugins.
Preloading 0 native plugins for Editor in 0.00 ms.
Unloading 3519 Unused Serialized files (Serialized files now loaded: 0)
System memory in use before: 137.0 MB.
System memory in use after: 137.2 MB.

Unloading 18 unused Assets to reduce memory usage. Loaded Objects now: 4001.
Total: 2.853700 ms (FindLiveObjects: 0.325200 ms CreateObjectMapping: 0.096700 ms MarkObjects: 2.315700 ms  DeleteObjects: 0.114600 ms)

========================================================================
Received Import Request.
  Time since last request: 108.294576 seconds.
  path: Assets/prefabs/Spike.prefab
  artifactKey: Guid(ac067d7d3bd8a1c4a9fb05099b5a4e06) Importer(815301076,1909f56bfc062723c751e8b465ee728b)
Start importing Assets/prefabs/Spike.prefab using Guid(ac067d7d3bd8a1c4a9fb05099b5a4e06) Importer(815301076,1909f56bfc062723c751e8b465ee728b)  -> (artifact id: '9cb7b5293ad204d07235d75b8b75a750') in 0.066131 seconds 
========================================================================
Received Prepare
Registering precompiled user dll's ...
Registered in 0.005219 seconds.
Begin MonoManager ReloadAssembly
Native extension for WindowsStandalone target not found
Refreshing native plugins compatible for Editor in 0.71 ms, found 2 plugins.
Preloading 0 native plugins for Editor in 0.00 ms.
Mono: successfully reloaded assembly
- Completed reload, in  1.083 seconds
Platform modules already initialized, skipping
Refreshing native plugins compatible for Editor in 0.70 ms, found 2 plugins.
Preloading 0 native plugins for Editor in 0.00 ms.
Unloading 3519 Unused Serialized files (Serialized files now loaded: 0)
System memory in use before: 137.1 MB.
System memory in use after: 137.2 MB.

Unloading 18 unused Assets to reduce memory usage. Loaded Objects now: 4006.
Total: 2.690000 ms (FindLiveObjects: 0.323900 ms CreateObjectMapping: 0.093900 ms MarkObjects: 2.167400 ms  DeleteObjects: 0.103300 ms)

========================================================================
Received Prepare
Registering precompiled user dll's ...
Registered in 0.004727 seconds.
Begin MonoManager ReloadAssembly
Native extension for WindowsStandalone target not found
Refreshing native plugins compatible for Editor in 0.74 ms, found 2 plugins.
Preloading 0 native plugins for Editor in 0.00 ms.
Mono: successfully reloaded assembly
- Completed reload, in  1.141 seconds
Platform modules already initialized, skipping
Refreshing native plugins compatible for Editor in 0.76 ms, found 2 plugins.
Preloading 0 native plugins for Editor in 0.00 ms.
Unloading 3519 Unused Serialized files (Serialized files now loaded: 0)
System memory in use before: 137.1 MB.
System memory in use after: 137.2 MB.

Unloading 18 unused Assets to reduce memory usage. Loaded Objects now: 4010.
Total: 3.254100 ms (FindLiveObjects: 0.378300 ms CreateObjectMapping: 0.091100 ms MarkObjects: 2.679600 ms  DeleteObjects: 0.103600 ms)

========================================================================
Received Import Request.
  Time since last request: 11.278631 seconds.
  path: Assets/prefabs/Spike.prefab
  artifactKey: Guid(ac067d7d3bd8a1c4a9fb05099b5a4e06) Importer(815301076,1909f56bfc062723c751e8b465ee728b)
Start importing Assets/prefabs/Spike.prefab using Guid(ac067d7d3bd8a1c4a9fb05099b5a4e06) Importer(815301076,1909f56bfc062723c751e8b465ee728b)  -> (artifact id: 'ba6d32dfd788812b026ce10f09d15c35') in 0.068152 seconds 
========================================================================
Received Prepare
Registering precompiled user dll's ...
Registered in 0.004774 seconds.
Begin MonoManager ReloadAssembly
Native extension for WindowsStandalone target not found
Refreshing native plugins compatible for Editor in 0.97 ms, found 2 plugins.
Preloading 0 native plugins for Editor in 0.00 ms.
Mono: successfully reloaded assembly
- Completed reload, in  1.156 seconds
Platform modules already initialized, skipping
Refreshing native plugins compatible for Editor in 0.74 ms, found 2 plugins.
Preloading 0 native plugins for Editor in 0.00 ms.
Unloading 3519 Unused Serialized files (Serialized files now loaded: 0)
System memory in use before: 137.1 MB.
System memory in use after: 137.2 MB.

Unloading 18 unused Assets to reduce memory usage. Loaded Objects now: 4015.
Total: 3.272400 ms (FindLiveObjects: 0.390800 ms CreateObjectMapping: 0.158500 ms MarkObjects: 2.613800 ms  DeleteObjects: 0.108100 ms)

========================================================================
Received Import Request.
  Time since last request: 15.158038 seconds.
  path: Assets/prefabs/Spike.prefab
  artifactKey: Guid(ac067d7d3bd8a1c4a9fb05099b5a4e06) Importer(815301076,1909f56bfc062723c751e8b465ee728b)
Start importing Assets/prefabs/Spike.prefab using Guid(ac067d7d3bd8a1c4a9fb05099b5a4e06) Importer(815301076,1909f56bfc062723c751e8b465ee728b)  -> (artifact id: '077eee904681680c2d5ab64ea121314f') in 0.070122 seconds 
========================================================================
Received Import Request.
  Time since last request: 7.094702 seconds.
  path: Assets/prefabs/Spike.prefab
  artifactKey: Guid(ac067d7d3bd8a1c4a9fb05099b5a4e06) Importer(815301076,1909f56bfc062723c751e8b465ee728b)
Start importing Assets/prefabs/Spike.prefab using Guid(ac067d7d3bd8a1c4a9fb05099b5a4e06) Importer(815301076,1909f56bfc062723c751e8b465ee728b)  -> (artifact id: 'a0891037d9764188cde1ffcc36bc6794') in 0.013490 seconds 
========================================================================
Received Prepare
Registering precompiled user dll's ...
Registered in 0.004744 seconds.
Begin MonoManager ReloadAssembly
Native extension for WindowsStandalone target not found
Refreshing native plugins compatible for Editor in 1.03 ms, found 2 plugins.
Preloading 0 native plugins for Editor in 0.00 ms.
Mono: successfully reloaded assembly
- Completed reload, in  1.093 seconds
Platform modules already initialized, skipping
Refreshing native plugins compatible for Editor in 0.99 ms, found 2 plugins.
Preloading 0 native plugins for Editor in 0.00 ms.
Unloading 3519 Unused Serialized files (Serialized files now loaded: 0)
System memory in use before: 137.1 MB.
System memory in use after: 137.2 MB.

Unloading 18 unused Assets to reduce memory usage. Loaded Objects now: 4020.
Total: 2.747000 ms (FindLiveObjects: 0.287200 ms CreateObjectMapping: 0.118900 ms MarkObjects: 2.232400 ms  DeleteObjects: 0.107200 ms)

========================================================================
Received Prepare
Registering precompiled user dll's ...
Registered in 0.004719 seconds.
Begin MonoManager ReloadAssembly
Native extension for WindowsStandalone target not found
Refreshing native plugins compatible for Editor in 0.72 ms, found 2 plugins.
Preloading 0 native plugins for Editor in 0.00 ms.
Mono: successfully reloaded assembly
- Completed reload, in  1.104 seconds
Platform modules already initialized, skipping
Refreshing native plugins compatible for Editor in 1.14 ms, found 2 plugins.
Preloading 0 native plugins for Editor in 0.00 ms.
Unloading 3519 Unused Serialized files (Serialized files now loaded: 0)
System memory in use before: 137.1 MB.
System memory in use after: 137.2 MB.

Unloading 18 unused Assets to reduce memory usage. Loaded Objects now: 4024.
Total: 2.859900 ms (FindLiveObjects: 0.306600 ms CreateObjectMapping: 0.094600 ms MarkObjects: 2.344800 ms  DeleteObjects: 0.112500 ms)

========================================================================
Received Prepare
Registering precompiled user dll's ...
Registered in 0.005300 seconds.
Begin MonoManager ReloadAssembly
Native extension for WindowsStandalone target not found
Refreshing native plugins compatible for Editor in 0.71 ms, found 2 plugins.
Preloading 0 native plugins for Editor in 0.00 ms.
Mono: successfully reloaded assembly
- Completed reload, in  1.086 seconds
Platform modules already initialized, skipping
Refreshing native plugins compatible for Editor in 0.71 ms, found 2 plugins.
Preloading 0 native plugins for Editor in 0.00 ms.
Unloading 3519 Unused Serialized files (Serialized files now loaded: 0)
System memory in use before: 137.1 MB.
System memory in use after: 137.2 MB.

Unloading 18 unused Assets to reduce memory usage. Loaded Objects now: 4028.
Total: 2.626900 ms (FindLiveObjects: 0.352700 ms CreateObjectMapping: 0.090200 ms MarkObjects: 2.077500 ms  DeleteObjects: 0.105400 ms)

========================================================================
Received Prepare
Registering precompiled user dll's ...
Registered in 0.004967 seconds.
Begin MonoManager ReloadAssembly
Native extension for WindowsStandalone target not found
Refreshing native plugins compatible for Editor in 0.70 ms, found 2 plugins.
Preloading 0 native plugins for Editor in 0.00 ms.
Mono: successfully reloaded assembly
- Completed reload, in  1.082 seconds
Platform modules already initialized, skipping
Refreshing native plugins compatible for Editor in 0.75 ms, found 2 plugins.
Preloading 0 native plugins for Editor in 0.00 ms.
Unloading 3519 Unused Serialized files (Serialized files now loaded: 0)
System memory in use before: 137.1 MB.
System memory in use after: 137.3 MB.

Unloading 18 unused Assets to reduce memory usage. Loaded Objects now: 4032.
Total: 2.683000 ms (FindLiveObjects: 0.294600 ms CreateObjectMapping: 0.098000 ms MarkObjects: 2.181700 ms  DeleteObjects: 0.107600 ms)

========================================================================
Received Import Request.
  Time since last request: 264.422801 seconds.
  path: Assets/prefabs/Spike.prefab
  artifactKey: Guid(ac067d7d3bd8a1c4a9fb05099b5a4e06) Importer(815301076,1909f56bfc062723c751e8b465ee728b)
Start importing Assets/prefabs/Spike.prefab using Guid(ac067d7d3bd8a1c4a9fb05099b5a4e06) Importer(815301076,1909f56bfc062723c751e8b465ee728b)  -> (artifact id: '2b8d8d4276b23f2871170cfb13787e4f') in 0.061386 seconds 
========================================================================
Received Import Request.
  Time since last request: 1.043238 seconds.
  path: Assets/prefabs/Spike.prefab
  artifactKey: Guid(ac067d7d3bd8a1c4a9fb05099b5a4e06) Importer(815301076,1909f56bfc062723c751e8b465ee728b)
Start importing Assets/prefabs/Spike.prefab using Guid(ac067d7d3bd8a1c4a9fb05099b5a4e06) Importer(815301076,1909f56bfc062723c751e8b465ee728b)  -> (artifact id: '83d8a00bd81b43ce519538b5f02e0cd4') in 0.013003 seconds 
========================================================================
Received Import Request.
  Time since last request: 19.965708 seconds.
  path: Assets/prefabs/Spike Variant.prefab
  artifactKey: Guid(77e7770b13ce602449c1238ed872d46c) Importer(815301076,1909f56bfc062723c751e8b465ee728b)
Start importing Assets/prefabs/Spike Variant.prefab using Guid(77e7770b13ce602449c1238ed872d46c) Importer(815301076,1909f56bfc062723c751e8b465ee728b)  -> (artifact id: 'c21fa412bfa871a8ed2a4e58ebe15ce6') in 0.016083 seconds 
========================================================================
Received Import Request.
  Time since last request: 23.488488 seconds.
  path: Assets/prefabs/Spike Pa arriba.prefab
  artifactKey: Guid(77e7770b13ce602449c1238ed872d46c) Importer(815301076,1909f56bfc062723c751e8b465ee728b)
Start importing Assets/prefabs/Spike Pa arriba.prefab using Guid(77e7770b13ce602449c1238ed872d46c) Importer(815301076,1909f56bfc062723c751e8b465ee728b)  -> (artifact id: 'f5da83587876e2f04bec17d994cf13cb') in 0.016292 seconds 
========================================================================
Received Import Request.
  Time since last request: 19.993026 seconds.
  path: Assets/prefabs/Spawner (12) Variant.prefab
  artifactKey: Guid(9c1c49e86f6800045be3cdb04d39a7cc) Importer(815301076,1909f56bfc062723c751e8b465ee728b)
Start importing Assets/prefabs/Spawner (12) Variant.prefab using Guid(9c1c49e86f6800045be3cdb04d39a7cc) Importer(815301076,1909f56bfc062723c751e8b465ee728b)  -> (artifact id: '529cfc22ecee5c8a5fe1cfe59207fff6') in 0.016324 seconds 
========================================================================
Received Import Request.
  Time since last request: 8.456228 seconds.
  path: Assets/prefabs/Spawner Pa arriba.prefab
  artifactKey: Guid(9c1c49e86f6800045be3cdb04d39a7cc) Importer(815301076,1909f56bfc062723c751e8b465ee728b)
Start importing Assets/prefabs/Spawner Pa arriba.prefab using Guid(9c1c49e86f6800045be3cdb04d39a7cc) Importer(815301076,1909f56bfc062723c751e8b465ee728b)  -> (artifact id: 'dcd9720d110e84cfa5b2fdea6e04cff9') in 0.015769 seconds 
========================================================================
Received Import Request.
  Time since last request: 22.664505 seconds.
  path: Assets/prefabs/Spike Pa arriba.prefab
  artifactKey: Guid(77e7770b13ce602449c1238ed872d46c) Importer(815301076,1909f56bfc062723c751e8b465ee728b)
Start importing Assets/prefabs/Spike Pa arriba.prefab using Guid(77e7770b13ce602449c1238ed872d46c) Importer(815301076,1909f56bfc062723c751e8b465ee728b)  -> (artifact id: '82888a8d0dcf506d3dfc55c30754c52c') in 0.012367 seconds 
========================================================================
Received Import Request.
  Time since last request: 12.786148 seconds.
  path: Assets/Scripts/Spawner.cs
  artifactKey: Guid(2c6c667124d26ab418745c59e634f312) Importer(815301076,1909f56bfc062723c751e8b465ee728b)
Start importing Assets/Scripts/Spawner.cs using Guid(2c6c667124d26ab418745c59e634f312) Importer(815301076,1909f56bfc062723c751e8b465ee728b)  -> (artifact id: 'd562938cab07b04bb5ecd8d0a955f2f6') in 0.037314 seconds 
========================================================================
Received Import Request.
  Time since last request: 19.000644 seconds.
  path: Assets/Scripts/SpawnerPaArriba.cs
  artifactKey: Guid(99751631769666c4089f78cc107d2077) Importer(815301076,1909f56bfc062723c751e8b465ee728b)
Start importing Assets/Scripts/SpawnerPaArriba.cs using Guid(99751631769666c4089f78cc107d2077) Importer(815301076,1909f56bfc062723c751e8b465ee728b)  -> (artifact id: '7cb39bd1e4a92413b816e05ba91affae') in 0.006144 seconds 
========================================================================
Received Prepare
Registering precompiled user dll's ...
Registered in 0.005840 seconds.
Begin MonoManager ReloadAssembly
Native extension for WindowsStandalone target not found
Refreshing native plugins compatible for Editor in 0.91 ms, found 2 plugins.
Preloading 0 native plugins for Editor in 0.00 ms.
Mono: successfully reloaded assembly
- Completed reload, in  1.162 seconds
Platform modules already initialized, skipping
Refreshing native plugins compatible for Editor in 0.92 ms, found 2 plugins.
Preloading 0 native plugins for Editor in 0.00 ms.
Unloading 3520 Unused Serialized files (Serialized files now loaded: 0)
System memory in use before: 137.2 MB.
System memory in use after: 137.3 MB.

Unloading 18 unused Assets to reduce memory usage. Loaded Objects now: 4038.
Total: 3.875700 ms (FindLiveObjects: 0.532000 ms CreateObjectMapping: 0.217100 ms MarkObjects: 2.991800 ms  DeleteObjects: 0.133100 ms)

========================================================================
Received Prepare
Registering precompiled user dll's ...
Registered in 0.005127 seconds.
Begin MonoManager ReloadAssembly
Native extension for WindowsStandalone target not found
Refreshing native plugins compatible for Editor in 0.74 ms, found 2 plugins.
Preloading 0 native plugins for Editor in 0.00 ms.
Mono: successfully reloaded assembly
- Completed reload, in  1.129 seconds
Platform modules already initialized, skipping
Refreshing native plugins compatible for Editor in 0.70 ms, found 2 plugins.
Preloading 0 native plugins for Editor in 0.00 ms.
Unloading 3520 Unused Serialized files (Serialized files now loaded: 0)
System memory in use before: 137.2 MB.
System memory in use after: 137.3 MB.

Unloading 18 unused Assets to reduce memory usage. Loaded Objects now: 4042.
Total: 2.780000 ms (FindLiveObjects: 0.322800 ms CreateObjectMapping: 0.090000 ms MarkObjects: 2.259600 ms  DeleteObjects: 0.106500 ms)

========================================================================
Received Import Request.
  Time since last request: 77.975456 seconds.
  path: Assets/Scripts/SpawnerPaArriba.cs
  artifactKey: Guid(99751631769666c4089f78cc107d2077) Importer(815301076,1909f56bfc062723c751e8b465ee728b)
Start importing Assets/Scripts/SpawnerPaArriba.cs using Guid(99751631769666c4089f78cc107d2077) Importer(815301076,1909f56bfc062723c751e8b465ee728b)  -> (artifact id: '43a57ee6d6ee1d820e8df78c15ebdb68') in 0.006799 seconds 
========================================================================
Received Import Request.
  Time since last request: 13.639313 seconds.
  path: Assets/prefabs/Spawner^v.prefab
  artifactKey: Guid(9c1c49e86f6800045be3cdb04d39a7cc) Importer(815301076,1909f56bfc062723c751e8b465ee728b)
Start importing Assets/prefabs/Spawner^v.prefab using Guid(9c1c49e86f6800045be3cdb04d39a7cc) Importer(815301076,1909f56bfc062723c751e8b465ee728b)  -> (artifact id: 'ecc23f51f7067cd772a222b7b3325c58') in 0.063325 seconds 
========================================================================
Received Import Request.
  Time since last request: 17.470349 seconds.
  path: Assets/prefabs/Spike^v.prefab
  artifactKey: Guid(77e7770b13ce602449c1238ed872d46c) Importer(815301076,1909f56bfc062723c751e8b465ee728b)
Start importing Assets/prefabs/Spike^v.prefab using Guid(77e7770b13ce602449c1238ed872d46c) Importer(815301076,1909f56bfc062723c751e8b465ee728b)  -> (artifact id: 'd16f7abbd6d0e5625e158fe1458c1a88') in 0.015117 seconds 
========================================================================
Received Import Request.
  Time since last request: 5.277494 seconds.
  path: Assets/Scripts/SpikeDestroyer.cs
  artifactKey: Guid(d0002800fb482ca4898e2b844712de77) Importer(815301076,1909f56bfc062723c751e8b465ee728b)
Start importing Assets/Scripts/SpikeDestroyer.cs using Guid(d0002800fb482ca4898e2b844712de77) Importer(815301076,1909f56bfc062723c751e8b465ee728b)  -> (artifact id: 'acbed20e286ce8cc3b7201b71396951d') in 0.006203 seconds 
========================================================================
Received Import Request.
  Time since last request: 41.146792 seconds.
  path: Assets/prefabs/Spawner^v.prefab
  artifactKey: Guid(9c1c49e86f6800045be3cdb04d39a7cc) Importer(815301076,1909f56bfc062723c751e8b465ee728b)
Start importing Assets/prefabs/Spawner^v.prefab using Guid(9c1c49e86f6800045be3cdb04d39a7cc) Importer(815301076,1909f56bfc062723c751e8b465ee728b)  -> (artifact id: '1b5bfa3209b6a296f438b8af84bf8fcd') in 0.012044 seconds 
========================================================================
Received Import Request.
  Time since last request: 6.551684 seconds.
  path: Assets/prefabs/Spawner^v.prefab
  artifactKey: Guid(9c1c49e86f6800045be3cdb04d39a7cc) Importer(815301076,1909f56bfc062723c751e8b465ee728b)
Start importing Assets/prefabs/Spawner^v.prefab using Guid(9c1c49e86f6800045be3cdb04d39a7cc) Importer(815301076,1909f56bfc062723c751e8b465ee728b)  -> (artifact id: 'e14692f2864de8cf0b6686fe0f2b12b7') in 0.012820 seconds 
========================================================================
Received Import Request.
  Time since last request: 6.959237 seconds.
  path: Assets/prefabs/Spawner^v.prefab
  artifactKey: Guid(9c1c49e86f6800045be3cdb04d39a7cc) Importer(815301076,1909f56bfc062723c751e8b465ee728b)
Start importing Assets/prefabs/Spawner^v.prefab using Guid(9c1c49e86f6800045be3cdb04d39a7cc) Importer(815301076,1909f56bfc062723c751e8b465ee728b)  -> (artifact id: '97ac361aa65d20db282cc1c7c51cec6d') in 0.012860 seconds 
========================================================================
Received Import Request.
  Time since last request: 7.847975 seconds.
  path: Assets/prefabs/Spawner^v.prefab
  artifactKey: Guid(9c1c49e86f6800045be3cdb04d39a7cc) Importer(815301076,1909f56bfc062723c751e8b465ee728b)
Start importing Assets/prefabs/Spawner^v.prefab using Guid(9c1c49e86f6800045be3cdb04d39a7cc) Importer(815301076,1909f56bfc062723c751e8b465ee728b)  -> (artifact id: '833e5896fab216c7a589530aa7f76471') in 0.012564 seconds 
========================================================================
Received Prepare
Registering precompiled user dll's ...
Registered in 0.006839 seconds.
Begin MonoManager ReloadAssembly
Native extension for WindowsStandalone target not found
Refreshing native plugins compatible for Editor in 0.69 ms, found 2 plugins.
Preloading 0 native plugins for Editor in 0.00 ms.
Mono: successfully reloaded assembly
- Completed reload, in  1.098 seconds
Platform modules already initialized, skipping
Refreshing native plugins compatible for Editor in 0.70 ms, found 2 plugins.
Preloading 0 native plugins for Editor in 0.00 ms.
Unloading 3520 Unused Serialized files (Serialized files now loaded: 0)
System memory in use before: 137.2 MB.
System memory in use after: 137.3 MB.

Unloading 18 unused Assets to reduce memory usage. Loaded Objects now: 4047.
Total: 3.211800 ms (FindLiveObjects: 0.522500 ms CreateObjectMapping: 0.096800 ms MarkObjects: 2.481900 ms  DeleteObjects: 0.108100 ms)

========================================================================
Received Prepare
Registering precompiled user dll's ...
Registered in 0.006122 seconds.
Begin MonoManager ReloadAssembly
Native extension for WindowsStandalone target not found
Refreshing native plugins compatible for Editor in 0.81 ms, found 2 plugins.
Preloading 0 native plugins for Editor in 0.00 ms.
Mono: successfully reloaded assembly
- Completed reload, in  1.075 seconds
Platform modules already initialized, skipping
Refreshing native plugins compatible for Editor in 0.70 ms, found 2 plugins.
Preloading 0 native plugins for Editor in 0.00 ms.
Unloading 3520 Unused Serialized files (Serialized files now loaded: 0)
System memory in use before: 137.2 MB.
System memory in use after: 137.3 MB.

Unloading 18 unused Assets to reduce memory usage. Loaded Objects now: 4051.
Total: 2.896400 ms (FindLiveObjects: 0.296900 ms CreateObjectMapping: 0.091800 ms MarkObjects: 2.396300 ms  DeleteObjects: 0.110000 ms)

========================================================================
Received Prepare
Registering precompiled user dll's ...
Registered in 0.004847 seconds.
Begin MonoManager ReloadAssembly
Native extension for WindowsStandalone target not found
Refreshing native plugins compatible for Editor in 0.73 ms, found 2 plugins.
Preloading 0 native plugins for Editor in 0.00 ms.
Mono: successfully reloaded assembly
- Completed reload, in  1.097 seconds
Platform modules already initialized, skipping
Refreshing native plugins compatible for Editor in 0.73 ms, found 2 plugins.
Preloading 0 native plugins for Editor in 0.00 ms.
Unloading 3520 Unused Serialized files (Serialized files now loaded: 0)
System memory in use before: 137.2 MB.
System memory in use after: 137.4 MB.

Unloading 18 unused Assets to reduce memory usage. Loaded Objects now: 4055.
Total: 2.818000 ms (FindLiveObjects: 0.349600 ms CreateObjectMapping: 0.091600 ms MarkObjects: 2.261800 ms  DeleteObjects: 0.113700 ms)

========================================================================
Received Prepare
Registering precompiled user dll's ...
Registered in 0.004861 seconds.
Begin MonoManager ReloadAssembly
Native extension for WindowsStandalone target not found
Refreshing native plugins compatible for Editor in 0.70 ms, found 2 plugins.
Preloading 0 native plugins for Editor in 0.00 ms.
Mono: successfully reloaded assembly
- Completed reload, in  1.076 seconds
Platform modules already initialized, skipping
Refreshing native plugins compatible for Editor in 0.76 ms, found 2 plugins.
Preloading 0 native plugins for Editor in 0.00 ms.
Unloading 3520 Unused Serialized files (Serialized files now loaded: 0)
System memory in use before: 137.3 MB.
System memory in use after: 137.4 MB.

Unloading 18 unused Assets to reduce memory usage. Loaded Objects now: 4059.
Total: 2.840400 ms (FindLiveObjects: 0.311800 ms CreateObjectMapping: 0.092900 ms MarkObjects: 2.308700 ms  DeleteObjects: 0.125800 ms)

========================================================================
Received Import Request.
  Time since last request: 519.956690 seconds.
  path: Assets/prefabs/Spike^v Variant.prefab
  artifactKey: Guid(4ebd7d4894f9b2a43be647901bb36a45) Importer(815301076,1909f56bfc062723c751e8b465ee728b)
Start importing Assets/prefabs/Spike^v Variant.prefab using Guid(4ebd7d4894f9b2a43be647901bb36a45) Importer(815301076,1909f56bfc062723c751e8b465ee728b)  -> (artifact id: '7498e27e96bf649d49c5b029201e7a3e') in 0.065878 seconds 
========================================================================
Received Import Request.
  Time since last request: 27.157920 seconds.
  path: Assets/prefabs/Spike {(.prefab
  artifactKey: Guid(4ebd7d4894f9b2a43be647901bb36a45) Importer(815301076,1909f56bfc062723c751e8b465ee728b)
Start importing Assets/prefabs/Spike {(.prefab using Guid(4ebd7d4894f9b2a43be647901bb36a45) Importer(815301076,1909f56bfc062723c751e8b465ee728b)  -> (artifact id: '1fcc8be0b33454a378f5d0df5e480dfb') in 0.015852 seconds 
========================================================================
Received Import Request.
  Time since last request: 58.235082 seconds.
  path: Assets/prefabs/Spawner^v (4) Variant.prefab
  artifactKey: Guid(1a82b8a4688428540bac7adc98d9ca26) Importer(815301076,1909f56bfc062723c751e8b465ee728b)
Start importing Assets/prefabs/Spawner^v (4) Variant.prefab using Guid(1a82b8a4688428540bac7adc98d9ca26) Importer(815301076,1909f56bfc062723c751e8b465ee728b)  -> (artifact id: 'b5dc9f1c527d7142a10d4223fd8aa355') in 0.018437 seconds 
========================================================================
Received Import Request.
  Time since last request: 8.573206 seconds.
  path: Assets/prefabs/Spawner {(.prefab
  artifactKey: Guid(1a82b8a4688428540bac7adc98d9ca26) Importer(815301076,1909f56bfc062723c751e8b465ee728b)
Start importing Assets/prefabs/Spawner {(.prefab using Guid(1a82b8a4688428540bac7adc98d9ca26) Importer(815301076,1909f56bfc062723c751e8b465ee728b)  -> (artifact id: '4fe6143e387108893051cfe2e69e25d7') in 0.016500 seconds 
========================================================================
Received Import Request.
  Time since last request: 15.833720 seconds.
  path: Assets/Scripts/SpawnerIzq.cs
  artifactKey: Guid(247ad08d7fe6ac54f8cf03429f1b3b4d) Importer(815301076,1909f56bfc062723c751e8b465ee728b)
Start importing Assets/Scripts/SpawnerIzq.cs using Guid(247ad08d7fe6ac54f8cf03429f1b3b4d) Importer(815301076,1909f56bfc062723c751e8b465ee728b)  -> (artifact id: '40a4517b5fc6e9d585995f1221d2013f') in 0.006296 seconds 
========================================================================
Received Prepare
Registering precompiled user dll's ...
Registered in 0.004711 seconds.
Begin MonoManager ReloadAssembly
Native extension for WindowsStandalone target not found
Refreshing native plugins compatible for Editor in 0.70 ms, found 2 plugins.
Preloading 0 native plugins for Editor in 0.00 ms.
Mono: successfully reloaded assembly
- Completed reload, in  1.116 seconds
Platform modules already initialized, skipping
Refreshing native plugins compatible for Editor in 0.69 ms, found 2 plugins.
Preloading 0 native plugins for Editor in 0.00 ms.
Unloading 3521 Unused Serialized files (Serialized files now loaded: 0)
System memory in use before: 137.3 MB.
System memory in use after: 137.4 MB.

Unloading 18 unused Assets to reduce memory usage. Loaded Objects now: 4065.
Total: 2.542300 ms (FindLiveObjects: 0.309400 ms CreateObjectMapping: 0.091700 ms MarkObjects: 2.039400 ms  DeleteObjects: 0.100700 ms)

========================================================================
Received Prepare
Registering precompiled user dll's ...
Registered in 0.004758 seconds.
Begin MonoManager ReloadAssembly
Native extension for WindowsStandalone target not found
Refreshing native plugins compatible for Editor in 0.72 ms, found 2 plugins.
Preloading 0 native plugins for Editor in 0.00 ms.
Mono: successfully reloaded assembly
- Completed reload, in  1.110 seconds
Platform modules already initialized, skipping
Refreshing native plugins compatible for Editor in 0.72 ms, found 2 plugins.
Preloading 0 native plugins for Editor in 0.00 ms.
Unloading 3521 Unused Serialized files (Serialized files now loaded: 0)
System memory in use before: 137.3 MB.
System memory in use after: 137.4 MB.

Unloading 18 unused Assets to reduce memory usage. Loaded Objects now: 4069.
Total: 3.036000 ms (FindLiveObjects: 0.565100 ms CreateObjectMapping: 0.114100 ms MarkObjects: 2.240000 ms  DeleteObjects: 0.115700 ms)

========================================================================
Received Import Request.
  Time since last request: 41.967213 seconds.
  path: Assets/Scripts/SpawnerIzq.cs
  artifactKey: Guid(247ad08d7fe6ac54f8cf03429f1b3b4d) Importer(815301076,1909f56bfc062723c751e8b465ee728b)
Start importing Assets/Scripts/SpawnerIzq.cs using Guid(247ad08d7fe6ac54f8cf03429f1b3b4d) Importer(815301076,1909f56bfc062723c751e8b465ee728b)  -> (artifact id: '087d9ae7dfd593907055bf2efcbda0e4') in 0.006905 seconds 
========================================================================
Received Import Request.
  Time since last request: 21.307685 seconds.
  path: Assets/prefabs/Spawner {(.prefab
  artifactKey: Guid(1a82b8a4688428540bac7adc98d9ca26) Importer(815301076,1909f56bfc062723c751e8b465ee728b)
Start importing Assets/prefabs/Spawner {(.prefab using Guid(1a82b8a4688428540bac7adc98d9ca26) Importer(815301076,1909f56bfc062723c751e8b465ee728b)  -> (artifact id: '20b5c5b5a8bfc122bdcdcb260936448d') in 0.063192 seconds 
========================================================================
Received Import Request.
  Time since last request: 10.577277 seconds.
  path: Assets/prefabs/Spawner {(.prefab
  artifactKey: Guid(1a82b8a4688428540bac7adc98d9ca26) Importer(815301076,1909f56bfc062723c751e8b465ee728b)
Start importing Assets/prefabs/Spawner {(.prefab using Guid(1a82b8a4688428540bac7adc98d9ca26) Importer(815301076,1909f56bfc062723c751e8b465ee728b)  -> (artifact id: '3d9a696911929ba417de9bab47b8807d') in 0.012453 seconds 
========================================================================
Received Prepare
Registering precompiled user dll's ...
Registered in 0.005146 seconds.
Begin MonoManager ReloadAssembly
Native extension for WindowsStandalone target not found
Refreshing native plugins compatible for Editor in 1.07 ms, found 2 plugins.
Preloading 0 native plugins for Editor in 0.00 ms.
Mono: successfully reloaded assembly
- Completed reload, in  1.181 seconds
Platform modules already initialized, skipping
Refreshing native plugins compatible for Editor in 0.72 ms, found 2 plugins.
Preloading 0 native plugins for Editor in 0.00 ms.
Unloading 3522 Unused Serialized files (Serialized files now loaded: 0)
System memory in use before: 137.3 MB.
System memory in use after: 137.5 MB.

Unloading 18 unused Assets to reduce memory usage. Loaded Objects now: 4075.
Total: 2.979000 ms (FindLiveObjects: 0.333600 ms CreateObjectMapping: 0.095700 ms MarkObjects: 2.432500 ms  DeleteObjects: 0.115900 ms)

========================================================================
Received Import Request.
  Time since last request: 167.086917 seconds.
  path: Assets/Scripts/SpikeMovIzq.cs
  artifactKey: Guid(9d47e1b1e7b0e284e9d3252f4c7efbc1) Importer(815301076,1909f56bfc062723c751e8b465ee728b)
Start importing Assets/Scripts/SpikeMovIzq.cs using Guid(9d47e1b1e7b0e284e9d3252f4c7efbc1) Importer(815301076,1909f56bfc062723c751e8b465ee728b)  -> (artifact id: '582810cb3160f057711689785a0ba323') in 0.010795 seconds 
========================================================================
Received Prepare
Registering precompiled user dll's ...
Registered in 0.004675 seconds.
Begin MonoManager ReloadAssembly
Native extension for WindowsStandalone target not found
Refreshing native plugins compatible for Editor in 0.82 ms, found 2 plugins.
Preloading 0 native plugins for Editor in 0.00 ms.
Mono: successfully reloaded assembly
- Completed reload, in  1.128 seconds
Platform modules already initialized, skipping
Refreshing native plugins compatible for Editor in 0.68 ms, found 2 plugins.
Preloading 0 native plugins for Editor in 0.00 ms.
Unloading 3522 Unused Serialized files (Serialized files now loaded: 0)
System memory in use before: 137.3 MB.
System memory in use after: 137.5 MB.

Unloading 18 unused Assets to reduce memory usage. Loaded Objects now: 4079.
Total: 2.786700 ms (FindLiveObjects: 0.344700 ms CreateObjectMapping: 0.091700 ms MarkObjects: 2.246300 ms  DeleteObjects: 0.103000 ms)

========================================================================
Received Import Request.
  Time since last request: 8.953015 seconds.
  path: Assets/Scripts/SpikeMovHor.cs
  artifactKey: Guid(9d47e1b1e7b0e284e9d3252f4c7efbc1) Importer(815301076,1909f56bfc062723c751e8b465ee728b)
Start importing Assets/Scripts/SpikeMovHor.cs using Guid(9d47e1b1e7b0e284e9d3252f4c7efbc1) Importer(815301076,1909f56bfc062723c751e8b465ee728b)  -> (artifact id: '6e9de4a9568ea526b36e1374190fb444') in 0.011487 seconds 
========================================================================
Received Prepare
Registering precompiled user dll's ...
Registered in 0.005122 seconds.
Begin MonoManager ReloadAssembly
Native extension for WindowsStandalone target not found
Refreshing native plugins compatible for Editor in 0.72 ms, found 2 plugins.
Preloading 0 native plugins for Editor in 0.00 ms.
Mono: successfully reloaded assembly
- Completed reload, in  1.141 seconds
Platform modules already initialized, skipping
Refreshing native plugins compatible for Editor in 0.72 ms, found 2 plugins.
Preloading 0 native plugins for Editor in 0.00 ms.
Unloading 3522 Unused Serialized files (Serialized files now loaded: 0)
System memory in use before: 137.3 MB.
System memory in use after: 137.5 MB.

Unloading 18 unused Assets to reduce memory usage. Loaded Objects now: 4083.
Total: 2.828300 ms (FindLiveObjects: 0.365400 ms CreateObjectMapping: 0.093500 ms MarkObjects: 2.257800 ms  DeleteObjects: 0.110500 ms)

========================================================================
Received Prepare
Registering precompiled user dll's ...
Registered in 0.004943 seconds.
Begin MonoManager ReloadAssembly
Native extension for WindowsStandalone target not found
Refreshing native plugins compatible for Editor in 1.03 ms, found 2 plugins.
Preloading 0 native plugins for Editor in 0.00 ms.
Mono: successfully reloaded assembly
- Completed reload, in  1.114 seconds
Platform modules already initialized, skipping
Refreshing native plugins compatible for Editor in 1.02 ms, found 2 plugins.
Preloading 0 native plugins for Editor in 0.00 ms.
Unloading 3522 Unused Serialized files (Serialized files now loaded: 0)
System memory in use before: 137.4 MB.
System memory in use after: 137.5 MB.

Unloading 18 unused Assets to reduce memory usage. Loaded Objects now: 4087.
Total: 2.923400 ms (FindLiveObjects: 0.397400 ms CreateObjectMapping: 0.108000 ms MarkObjects: 2.310300 ms  DeleteObjects: 0.106700 ms)

========================================================================
Received Prepare
Registering precompiled user dll's ...
Registered in 0.006966 seconds.
Begin MonoManager ReloadAssembly
Native extension for WindowsStandalone target not found
Refreshing native plugins compatible for Editor in 0.79 ms, found 2 plugins.
Preloading 0 native plugins for Editor in 0.00 ms.
Mono: successfully reloaded assembly
- Completed reload, in  1.146 seconds
Platform modules already initialized, skipping
Refreshing native plugins compatible for Editor in 0.81 ms, found 2 plugins.
Preloading 0 native plugins for Editor in 0.00 ms.
Unloading 3522 Unused Serialized files (Serialized files now loaded: 0)
System memory in use before: 137.4 MB.
System memory in use after: 137.5 MB.

Unloading 18 unused Assets to reduce memory usage. Loaded Objects now: 4091.
Total: 3.257200 ms (FindLiveObjects: 0.377900 ms CreateObjectMapping: 0.121000 ms MarkObjects: 2.650800 ms  DeleteObjects: 0.106200 ms)

========================================================================
Received Import Request.
  Time since last request: 195.773649 seconds.
  path: Assets/prefabs/Spike {(.prefab
  artifactKey: Guid(4ebd7d4894f9b2a43be647901bb36a45) Importer(815301076,1909f56bfc062723c751e8b465ee728b)
Start importing Assets/prefabs/Spike {(.prefab using Guid(4ebd7d4894f9b2a43be647901bb36a45) Importer(815301076,1909f56bfc062723c751e8b465ee728b)  -> (artifact id: '887f3a012fd39d564f28827fd9c053c0') in 0.074389 seconds 
========================================================================
Received Prepare
Registering precompiled user dll's ...
Registered in 0.004655 seconds.
Begin MonoManager ReloadAssembly
Native extension for WindowsStandalone target not found
Refreshing native plugins compatible for Editor in 0.70 ms, found 2 plugins.
Preloading 0 native plugins for Editor in 0.00 ms.
Mono: successfully reloaded assembly
- Completed reload, in  1.167 seconds
Platform modules already initialized, skipping
Refreshing native plugins compatible for Editor in 0.85 ms, found 2 plugins.
Preloading 0 native plugins for Editor in 0.00 ms.
Unloading 3522 Unused Serialized files (Serialized files now loaded: 0)
System memory in use before: 137.4 MB.
System memory in use after: 137.5 MB.

Unloading 18 unused Assets to reduce memory usage. Loaded Objects now: 4096.
Total: 3.371400 ms (FindLiveObjects: 0.351900 ms CreateObjectMapping: 0.094900 ms MarkObjects: 2.817600 ms  DeleteObjects: 0.105800 ms)

========================================================================
Received Import Request.
  Time since last request: 15.740733 seconds.
  path: Assets/prefabs/Spike {(.prefab
  artifactKey: Guid(4ebd7d4894f9b2a43be647901bb36a45) Importer(815301076,1909f56bfc062723c751e8b465ee728b)
Start importing Assets/prefabs/Spike {(.prefab using Guid(4ebd7d4894f9b2a43be647901bb36a45) Importer(815301076,1909f56bfc062723c751e8b465ee728b)  -> (artifact id: 'aa481316fedad0e27735a7f8e432ad65') in 0.066622 seconds 
========================================================================
Received Import Request.
  Time since last request: 543.453919 seconds.
  path: Assets/Scripts/SpikeMovHor.cs
  artifactKey: Guid(9d47e1b1e7b0e284e9d3252f4c7efbc1) Importer(815301076,1909f56bfc062723c751e8b465ee728b)
Start importing Assets/Scripts/SpikeMovHor.cs using Guid(9d47e1b1e7b0e284e9d3252f4c7efbc1) Importer(815301076,1909f56bfc062723c751e8b465ee728b)  -> (artifact id: '9cd1b28cadcf188336696c2c88628dce') in 0.002759 seconds 
========================================================================
Received Prepare
Registering precompiled user dll's ...
Registered in 0.004703 seconds.
Begin MonoManager ReloadAssembly
Native extension for WindowsStandalone target not found
Refreshing native plugins compatible for Editor in 0.75 ms, found 2 plugins.
Preloading 0 native plugins for Editor in 0.00 ms.
Mono: successfully reloaded assembly
- Completed reload, in  1.099 seconds
Platform modules already initialized, skipping
Refreshing native plugins compatible for Editor in 0.70 ms, found 2 plugins.
Preloading 0 native plugins for Editor in 0.00 ms.
Unloading 3522 Unused Serialized files (Serialized files now loaded: 0)
System memory in use before: 137.4 MB.
System memory in use after: 137.5 MB.

Unloading 18 unused Assets to reduce memory usage. Loaded Objects now: 4101.
Total: 2.668500 ms (FindLiveObjects: 0.302100 ms CreateObjectMapping: 0.091100 ms MarkObjects: 2.173300 ms  DeleteObjects: 0.101200 ms)

========================================================================
Received Import Request.
  Time since last request: 32.863147 seconds.
  path: Assets/Scripts/SpikeMovHor.cs
  artifactKey: Guid(9d47e1b1e7b0e284e9d3252f4c7efbc1) Importer(815301076,1909f56bfc062723c751e8b465ee728b)
Start importing Assets/Scripts/SpikeMovHor.cs using Guid(9d47e1b1e7b0e284e9d3252f4c7efbc1) Importer(815301076,1909f56bfc062723c751e8b465ee728b)  -> (artifact id: 'e2a4fac5ff21ccca99c633de21458427') in 0.006762 seconds 
========================================================================
Received Import Request.
  Time since last request: 18.080425 seconds.
  path: Assets/prefabs/Spike {(.prefab
  artifactKey: Guid(4ebd7d4894f9b2a43be647901bb36a45) Importer(815301076,1909f56bfc062723c751e8b465ee728b)
Start importing Assets/prefabs/Spike {(.prefab using Guid(4ebd7d4894f9b2a43be647901bb36a45) Importer(815301076,1909f56bfc062723c751e8b465ee728b)  -> (artifact id: '62c9d4683e104d35648a771ef1641fc1') in 0.059234 seconds 
========================================================================
Received Prepare
Registering precompiled user dll's ...
Registered in 0.004639 seconds.
Begin MonoManager ReloadAssembly
Native extension for WindowsStandalone target not found
Refreshing native plugins compatible for Editor in 1.03 ms, found 2 plugins.
Preloading 0 native plugins for Editor in 0.00 ms.
Mono: successfully reloaded assembly
- Completed reload, in  1.122 seconds
Platform modules already initialized, skipping
Refreshing native plugins compatible for Editor in 0.68 ms, found 2 plugins.
Preloading 0 native plugins for Editor in 0.00 ms.
Unloading 3522 Unused Serialized files (Serialized files now loaded: 0)
System memory in use before: 137.4 MB.
System memory in use after: 137.6 MB.

Unloading 18 unused Assets to reduce memory usage. Loaded Objects now: 4106.
Total: 2.946400 ms (FindLiveObjects: 0.434900 ms CreateObjectMapping: 0.097800 ms MarkObjects: 2.306400 ms  DeleteObjects: 0.105700 ms)

========================================================================
Received Import Request.
  Time since last request: 28.051784 seconds.
  path: Assets/Scripts/SpikeMovHor.cs
  artifactKey: Guid(9d47e1b1e7b0e284e9d3252f4c7efbc1) Importer(815301076,1909f56bfc062723c751e8b465ee728b)
Start importing Assets/Scripts/SpikeMovHor.cs using Guid(9d47e1b1e7b0e284e9d3252f4c7efbc1) Importer(815301076,1909f56bfc062723c751e8b465ee728b)  -> (artifact id: 'f0cba034a4c4b584db7bdad3ce024b3b') in 0.006489 seconds 
========================================================================
Received Import Request.
  Time since last request: 11.248836 seconds.
  path: Assets/prefabs/Spike {(.prefab
  artifactKey: Guid(4ebd7d4894f9b2a43be647901bb36a45) Importer(815301076,1909f56bfc062723c751e8b465ee728b)
Start importing Assets/prefabs/Spike {(.prefab using Guid(4ebd7d4894f9b2a43be647901bb36a45) Importer(815301076,1909f56bfc062723c751e8b465ee728b)  -> (artifact id: 'e1e28d8589ef732f6837c1701918d6de') in 0.058569 seconds 
========================================================================
Received Import Request.
  Time since last request: 35.570666 seconds.
  path: Assets/prefabs/Spike {(.prefab
  artifactKey: Guid(4ebd7d4894f9b2a43be647901bb36a45) Importer(815301076,1909f56bfc062723c751e8b465ee728b)
Start importing Assets/prefabs/Spike {(.prefab using Guid(4ebd7d4894f9b2a43be647901bb36a45) Importer(815301076,1909f56bfc062723c751e8b465ee728b)  -> (artifact id: 'a72dfa71e78910a809859801b321663a') in 0.010467 seconds 
========================================================================
Received Prepare
Registering precompiled user dll's ...
Registered in 0.005292 seconds.
Begin MonoManager ReloadAssembly
Native extension for WindowsStandalone target not found
Refreshing native plugins compatible for Editor in 0.72 ms, found 2 plugins.
Preloading 0 native plugins for Editor in 0.00 ms.
Mono: successfully reloaded assembly
- Completed reload, in  1.080 seconds
Platform modules already initialized, skipping
Refreshing native plugins compatible for Editor in 0.70 ms, found 2 plugins.
Preloading 0 native plugins for Editor in 0.00 ms.
Unloading 3522 Unused Serialized files (Serialized files now loaded: 0)
System memory in use before: 137.4 MB.
System memory in use after: 137.6 MB.

Unloading 18 unused Assets to reduce memory usage. Loaded Objects now: 4111.
Total: 2.622400 ms (FindLiveObjects: 0.367300 ms CreateObjectMapping: 0.095400 ms MarkObjects: 2.053700 ms  DeleteObjects: 0.104600 ms)

========================================================================
Received Import Request.
  Time since last request: 7.030056 seconds.
  path: Assets/prefabs/Spike {(.prefab
  artifactKey: Guid(4ebd7d4894f9b2a43be647901bb36a45) Importer(815301076,1909f56bfc062723c751e8b465ee728b)
Start importing Assets/prefabs/Spike {(.prefab using Guid(4ebd7d4894f9b2a43be647901bb36a45) Importer(815301076,1909f56bfc062723c751e8b465ee728b)  -> (artifact id: 'f9eca3c646e2bfb5d21931dff31b466a') in 0.062027 seconds 
========================================================================
Received Prepare
Registering precompiled user dll's ...
Registered in 0.004632 seconds.
Begin MonoManager ReloadAssembly
Native extension for WindowsStandalone target not found
Refreshing native plugins compatible for Editor in 0.73 ms, found 2 plugins.
Preloading 0 native plugins for Editor in 0.00 ms.
Mono: successfully reloaded assembly
- Completed reload, in  1.103 seconds
Platform modules already initialized, skipping
Refreshing native plugins compatible for Editor in 0.68 ms, found 2 plugins.
Preloading 0 native plugins for Editor in 0.00 ms.
Unloading 3522 Unused Serialized files (Serialized files now loaded: 0)
System memory in use before: 137.5 MB.
System memory in use after: 137.6 MB.

Unloading 18 unused Assets to reduce memory usage. Loaded Objects now: 4116.
Total: 2.919100 ms (FindLiveObjects: 0.349800 ms CreateObjectMapping: 0.121400 ms MarkObjects: 2.341100 ms  DeleteObjects: 0.105900 ms)

========================================================================
Received Import Request.
  Time since last request: 13.243033 seconds.
  path: Assets/prefabs/Spike {(.prefab
  artifactKey: Guid(4ebd7d4894f9b2a43be647901bb36a45) Importer(815301076,1909f56bfc062723c751e8b465ee728b)
Start importing Assets/prefabs/Spike {(.prefab using Guid(4ebd7d4894f9b2a43be647901bb36a45) Importer(815301076,1909f56bfc062723c751e8b465ee728b)  -> (artifact id: '9a6891f2973a8daba3290a17e7038024') in 0.063351 seconds 
========================================================================
Received Prepare
Registering precompiled user dll's ...
Registered in 0.004844 seconds.
Begin MonoManager ReloadAssembly
Native extension for WindowsStandalone target not found
Refreshing native plugins compatible for Editor in 0.85 ms, found 2 plugins.
Preloading 0 native plugins for Editor in 0.00 ms.
Mono: successfully reloaded assembly
- Completed reload, in  1.085 seconds
Platform modules already initialized, skipping
Refreshing native plugins compatible for Editor in 0.68 ms, found 2 plugins.
Preloading 0 native plugins for Editor in 0.00 ms.
Unloading 3522 Unused Serialized files (Serialized files now loaded: 0)
System memory in use before: 137.5 MB.
System memory in use after: 137.6 MB.

Unloading 18 unused Assets to reduce memory usage. Loaded Objects now: 4121.
Total: 2.551600 ms (FindLiveObjects: 0.294600 ms CreateObjectMapping: 0.091400 ms MarkObjects: 2.066100 ms  DeleteObjects: 0.098600 ms)

AssetImportWorkerClient::OnTransportError - code=2 error=End of file
